{"C:\\Users\\mahi1\\OneDrive\\Desktop\\KEPLOY\\BookNerd-Haven\\backend\\app.js": {"path":"C:\\Users\\mahi1\\OneDrive\\Desktop\\KEPLOY\\BookNerd-Haven\\backend\\app.js","statementMap":{"0":{"start":{"line":5,"column":12},"end":{"line":5,"column":21}},"1":{"start":{"line":6,"column":0},"end":{"line":11,"column":2}},"2":{"start":{"line":12,"column":0},"end":{"line":12,"column":24}},"3":{"start":{"line":14,"column":0},"end":{"line":14,"column":34}}},"fnMap":{},"branchMap":{},"s":{"0":1,"1":1,"2":1,"3":1},"f":{},"b":{},"_coverageSchema":"1a1c01bbd47fc00a2c39e90264f33305004495a9","hash":"add21d766d16b842f062ab5ac59ed1685204af77"}
,"C:\\Users\\mahi1\\OneDrive\\Desktop\\KEPLOY\\BookNerd-Haven\\backend\\controllers\\book.controller.js": {"path":"C:\\Users\\mahi1\\OneDrive\\Desktop\\KEPLOY\\BookNerd-Haven\\backend\\controllers\\book.controller.js","statementMap":{"0":{"start":{"line":3,"column":22},"end":{"line":15,"column":1}},"1":{"start":{"line":4,"column":4},"end":{"line":14,"column":5}},"2":{"start":{"line":5,"column":20},"end":{"line":5,"column":37}},"3":{"start":{"line":6,"column":8},"end":{"line":9,"column":10}},"4":{"start":{"line":12,"column":8},"end":{"line":12,"column":50}},"5":{"start":{"line":13,"column":8},"end":{"line":13,"column":70}},"6":{"start":{"line":17,"column":24},"end":{"line":33,"column":1}},"7":{"start":{"line":18,"column":4},"end":{"line":32,"column":5}},"8":{"start":{"line":19,"column":36},"end":{"line":19,"column":44}},"9":{"start":{"line":20,"column":8},"end":{"line":22,"column":9}},"10":{"start":{"line":21,"column":12},"end":{"line":21,"column":76}},"11":{"start":{"line":23,"column":19},"end":{"line":23,"column":59}},"12":{"start":{"line":24,"column":8},"end":{"line":27,"column":10}},"13":{"start":{"line":30,"column":8},"end":{"line":30,"column":50}},"14":{"start":{"line":31,"column":8},"end":{"line":31,"column":70}},"15":{"start":{"line":35,"column":24},"end":{"line":49,"column":1}},"16":{"start":{"line":36,"column":4},"end":{"line":48,"column":5}},"17":{"start":{"line":37,"column":19},"end":{"line":37,"column":29}},"18":{"start":{"line":38,"column":36},"end":{"line":38,"column":44}},"19":{"start":{"line":39,"column":26},"end":{"line":39,"column":91}},"20":{"start":{"line":40,"column":8},"end":{"line":43,"column":10}},"21":{"start":{"line":46,"column":8},"end":{"line":46,"column":50}},"22":{"start":{"line":47,"column":8},"end":{"line":47,"column":70}},"23":{"start":{"line":51,"column":24},"end":{"line":63,"column":1}},"24":{"start":{"line":52,"column":4},"end":{"line":62,"column":5}},"25":{"start":{"line":53,"column":19},"end":{"line":53,"column":29}},"26":{"start":{"line":54,"column":8},"end":{"line":54,"column":40}},"27":{"start":{"line":55,"column":8},"end":{"line":57,"column":10}},"28":{"start":{"line":60,"column":8},"end":{"line":60,"column":50}},"29":{"start":{"line":61,"column":8},"end":{"line":61,"column":70}}},"fnMap":{"0":{"name":"(anonymous_0)","decl":{"start":{"line":3,"column":22},"end":{"line":3,"column":23}},"loc":{"start":{"line":3,"column":38},"end":{"line":15,"column":1}},"line":3},"1":{"name":"(anonymous_1)","decl":{"start":{"line":17,"column":24},"end":{"line":17,"column":25}},"loc":{"start":{"line":17,"column":40},"end":{"line":33,"column":1}},"line":17},"2":{"name":"(anonymous_2)","decl":{"start":{"line":35,"column":24},"end":{"line":35,"column":25}},"loc":{"start":{"line":35,"column":40},"end":{"line":49,"column":1}},"line":35},"3":{"name":"(anonymous_3)","decl":{"start":{"line":51,"column":24},"end":{"line":51,"column":25}},"loc":{"start":{"line":51,"column":40},"end":{"line":63,"column":1}},"line":51}},"branchMap":{"0":{"loc":{"start":{"line":20,"column":8},"end":{"line":22,"column":9}},"type":"if","locations":[{"start":{"line":20,"column":8},"end":{"line":22,"column":9}},{"start":{},"end":{}}],"line":20},"1":{"loc":{"start":{"line":20,"column":11},"end":{"line":20,"column":28}},"type":"binary-expr","locations":[{"start":{"line":20,"column":11},"end":{"line":20,"column":18}},{"start":{"line":20,"column":22},"end":{"line":20,"column":28}}],"line":20}},"s":{"0":2,"1":3,"2":3,"3":2,"4":1,"5":1,"6":2,"7":3,"8":3,"9":3,"10":1,"11":2,"12":1,"13":1,"14":1,"15":2,"16":2,"17":2,"18":2,"19":2,"20":1,"21":1,"22":1,"23":2,"24":2,"25":2,"26":2,"27":1,"28":1,"29":1},"f":{"0":3,"1":3,"2":2,"3":2},"b":{"0":[1,2],"1":[3,2]},"_coverageSchema":"1a1c01bbd47fc00a2c39e90264f33305004495a9","hash":"ecf794e5ed304d05e0624c564eebfaae690bc0b5"}
,"C:\\Users\\mahi1\\OneDrive\\Desktop\\KEPLOY\\BookNerd-Haven\\backend\\models\\books.model.js": {"path":"C:\\Users\\mahi1\\OneDrive\\Desktop\\KEPLOY\\BookNerd-Haven\\backend\\models\\books.model.js","statementMap":{"0":{"start":{"line":3,"column":17},"end":{"line":19,"column":1}},"1":{"start":{"line":21,"column":11},"end":{"line":21,"column":44}}},"fnMap":{},"branchMap":{},"s":{"0":2,"1":2},"f":{},"b":{},"_coverageSchema":"1a1c01bbd47fc00a2c39e90264f33305004495a9","hash":"ebf6a6d8d8866ba5fddd6d772a466a62c97991ef"}
,"C:\\Users\\mahi1\\OneDrive\\Desktop\\KEPLOY\\BookNerd-Haven\\backend\\routes\\book.route.js": {"path":"C:\\Users\\mahi1\\OneDrive\\Desktop\\KEPLOY\\BookNerd-Haven\\backend\\routes\\book.route.js","statementMap":{"0":{"start":{"line":4,"column":13},"end":{"line":4,"column":29}},"1":{"start":{"line":6,"column":0},"end":{"line":6,"column":24}},"2":{"start":{"line":8,"column":0},"end":{"line":8,"column":27}},"3":{"start":{"line":10,"column":0},"end":{"line":10,"column":29}},"4":{"start":{"line":12,"column":0},"end":{"line":12,"column":32}}},"fnMap":{},"branchMap":{},"s":{"0":1,"1":1,"2":1,"3":1,"4":1},"f":{},"b":{},"_coverageSchema":"1a1c01bbd47fc00a2c39e90264f33305004495a9","hash":"f5f4febc73589fd314e0a5600b8375b726c6ca13"}
}
