TN:
SF:app.js
FNF:0
FNH:0
DA:5,1
DA:6,1
DA:12,1
DA:14,1
LF:4
LH:4
BRF:0
BRH:0
end_of_record
TN:
SF:controllers\book.controller.js
FN:3,(anonymous_0)
FN:17,(anonymous_1)
FN:35,(anonymous_2)
FN:51,(anonymous_3)
FNF:4
FNH:4
FNDA:3,(anonymous_0)
FNDA:3,(anonymous_1)
FNDA:2,(anonymous_2)
FNDA:2,(anonymous_3)
DA:3,2
DA:4,3
DA:5,3
DA:6,2
DA:12,1
DA:13,1
DA:17,2
DA:18,3
DA:19,3
DA:20,3
DA:21,1
DA:23,2
DA:24,1
DA:30,1
DA:31,1
DA:35,2
DA:36,2
DA:37,2
DA:38,2
DA:39,2
DA:40,1
DA:46,1
DA:47,1
DA:51,2
DA:52,2
DA:53,2
DA:54,2
DA:55,1
DA:60,1
DA:61,1
LF:30
LH:30
BRDA:20,0,0,1
BRDA:20,0,1,2
BRDA:20,1,0,3
BRDA:20,1,1,2
BRF:4
BRH:4
end_of_record
TN:
SF:models\books.model.js
FNF:0
FNH:0
DA:3,2
DA:21,2
LF:2
LH:2
BRF:0
BRH:0
end_of_record
TN:
SF:routes\book.route.js
FNF:0
FNH:0
DA:4,1
DA:6,1
DA:8,1
DA:10,1
DA:12,1
LF:5
LH:5
BRF:0
BRH:0
end_of_record
